<?xml version="1.0" encoding="UTF-8"?>
<testsuite xmlns:xsi="http://www.w3.org/2001/XMLSchema-instance" xsi:noNamespaceSchemaLocation="https://maven.apache.org/surefire/maven-surefire-plugin/xsd/surefire-test-report-3.0.xsd" version="3.0" name="MyDLL.MyDLLTest" time="0.05" tests="6" errors="0" skipped="0" failures="0">
  <properties>
[...]
</properties>
  <testcase name="testRemoveFromEnd" classname="MyDLL.MyDLLTest" time="0.004"/>
  <testcase name="testSize" classname="MyDLL.MyDLLTest" time="0.0"/>
  <testcase name="testAddToEnd" classname="MyDLL.MyDLLTest" time="0.0"/>
  <testcase name="testAddToFront" classname="MyDLL.MyDLLTest" time="0.0"/>
  <testcase name="testIsEmpty" classname="MyDLL.MyDLLTest" time="0.0"/>
  <testcase name="testRemoveFromFront" classname="MyDLL.MyDLLTest" time="0.0"/>
</testsuite>